{"F:\\Code\\Projetos Final de Modulo\\RecadOS_Jest\\src\\app\\envs\\app.env.ts": {"path":"F:\\Code\\Projetos Final de Modulo\\RecadOS_Jest\\src\\app\\envs\\app.env.ts","statementMap":{"0":{"start":{"line":1,"column":0},"end":{"line":1,"column":23}},"1":{"start":{"line":3,"column":13},"end":{"line":7,"column":2}}},"fnMap":{},"branchMap":{},"s":{"0":4,"1":4},"f":{},"b":{}}
,"F:\\Code\\Projetos Final de Modulo\\RecadOS_Jest\\src\\app\\envs\\redis.env.ts": {"path":"F:\\Code\\Projetos Final de Modulo\\RecadOS_Jest\\src\\app\\envs\\redis.env.ts","statementMap":{"0":{"start":{"line":1,"column":0},"end":{"line":1,"column":23}},"1":{"start":{"line":3,"column":13},"end":{"line":8,"column":2}}},"fnMap":{},"branchMap":{},"s":{"0":3,"1":3},"f":{},"b":{}}
,"F:\\Code\\Projetos Final de Modulo\\RecadOS_Jest\\src\\app\\features\\note\\controllers\\note.controller.ts": {"path":"F:\\Code\\Projetos Final de Modulo\\RecadOS_Jest\\src\\app\\features\\note\\controllers\\note.controller.ts","statementMap":{"0":{"start":{"line":1,"column":0},"end":{"line":1,"column":62}},"1":{"start":{"line":3,"column":0},"end":{"line":3,"column":67}},"2":{"start":{"line":4,"column":0},"end":{"line":4,"column":65}},"3":{"start":{"line":5,"column":0},"end":{"line":5,"column":71}},"4":{"start":{"line":6,"column":0},"end":{"line":6,"column":67}},"5":{"start":{"line":7,"column":0},"end":{"line":7,"column":67}},"6":{"start":{"line":8,"column":0},"end":{"line":8,"column":69}},"7":{"start":{"line":9,"column":0},"end":{"line":9,"column":73}},"8":{"start":{"line":10,"column":0},"end":{"line":10,"column":67}},"9":{"start":{"line":14,"column":4},"end":{"line":20,"column":null}},"10":{"start":{"line":15,"column":22},"end":{"line":15,"column":65}},"11":{"start":{"line":16,"column":21},"end":{"line":16,"column":52}},"12":{"start":{"line":17,"column":6},"end":{"line":17,"column":60}},"13":{"start":{"line":19,"column":6},"end":{"line":19,"column":59}},"14":{"start":{"line":24,"column":4},"end":{"line":30,"column":null}},"15":{"start":{"line":25,"column":22},"end":{"line":25,"column":67}},"16":{"start":{"line":26,"column":21},"end":{"line":26,"column":53}},"17":{"start":{"line":27,"column":6},"end":{"line":27,"column":62}},"18":{"start":{"line":29,"column":6},"end":{"line":29,"column":59}},"19":{"start":{"line":34,"column":4},"end":{"line":40,"column":null}},"20":{"start":{"line":35,"column":22},"end":{"line":35,"column":65}},"21":{"start":{"line":36,"column":21},"end":{"line":36,"column":64}},"22":{"start":{"line":37,"column":6},"end":{"line":37,"column":60}},"23":{"start":{"line":39,"column":6},"end":{"line":39,"column":59}},"24":{"start":{"line":44,"column":4},"end":{"line":50,"column":null}},"25":{"start":{"line":45,"column":22},"end":{"line":45,"column":65}},"26":{"start":{"line":46,"column":21},"end":{"line":46,"column":54}},"27":{"start":{"line":47,"column":6},"end":{"line":47,"column":60}},"28":{"start":{"line":49,"column":6},"end":{"line":49,"column":59}},"29":{"start":{"line":54,"column":4},"end":{"line":62,"column":null}},"30":{"start":{"line":55,"column":29},"end":{"line":55,"column":73}},"31":{"start":{"line":56,"column":6},"end":{"line":56,"column":47}},"32":{"start":{"line":57,"column":22},"end":{"line":57,"column":67}},"33":{"start":{"line":58,"column":21},"end":{"line":58,"column":54}},"34":{"start":{"line":59,"column":6},"end":{"line":59,"column":61}},"35":{"start":{"line":61,"column":6},"end":{"line":61,"column":59}},"36":{"start":{"line":66,"column":4},"end":{"line":74,"column":null}},"37":{"start":{"line":67,"column":29},"end":{"line":67,"column":75}},"38":{"start":{"line":68,"column":6},"end":{"line":68,"column":47}},"39":{"start":{"line":69,"column":22},"end":{"line":69,"column":67}},"40":{"start":{"line":70,"column":21},"end":{"line":70,"column":54}},"41":{"start":{"line":71,"column":6},"end":{"line":71,"column":63}},"42":{"start":{"line":73,"column":6},"end":{"line":73,"column":59}},"43":{"start":{"line":78,"column":4},"end":{"line":90,"column":null}},"44":{"start":{"line":79,"column":22},"end":{"line":79,"column":65}},"45":{"start":{"line":80,"column":21},"end":{"line":80,"column":65}},"46":{"start":{"line":81,"column":6},"end":{"line":87,"column":null}},"47":{"start":{"line":82,"column":31},"end":{"line":82,"column":76}},"48":{"start":{"line":83,"column":31},"end":{"line":83,"column":71}},"49":{"start":{"line":84,"column":8},"end":{"line":84,"column":76}},"50":{"start":{"line":86,"column":8},"end":{"line":86,"column":68}},"51":{"start":{"line":89,"column":6},"end":{"line":89,"column":59}},"52":{"start":{"line":12,"column":0},"end":{"line":12,"column":13}}},"fnMap":{"0":{"name":"(anonymous_0)","decl":{"start":{"line":13,"column":9},"end":{"line":13,"column":14}},"loc":{"start":{"line":13,"column":49},"end":{"line":21,"column":3}}},"1":{"name":"(anonymous_1)","decl":{"start":{"line":23,"column":9},"end":{"line":23,"column":14}},"loc":{"start":{"line":23,"column":55},"end":{"line":31,"column":3}}},"2":{"name":"(anonymous_2)","decl":{"start":{"line":33,"column":9},"end":{"line":33,"column":14}},"loc":{"start":{"line":33,"column":53},"end":{"line":41,"column":3}}},"3":{"name":"(anonymous_3)","decl":{"start":{"line":43,"column":9},"end":{"line":43,"column":14}},"loc":{"start":{"line":43,"column":53},"end":{"line":51,"column":3}}},"4":{"name":"(anonymous_4)","decl":{"start":{"line":53,"column":9},"end":{"line":53,"column":14}},"loc":{"start":{"line":53,"column":54},"end":{"line":63,"column":3}}},"5":{"name":"(anonymous_5)","decl":{"start":{"line":65,"column":9},"end":{"line":65,"column":14}},"loc":{"start":{"line":65,"column":56},"end":{"line":75,"column":3}}},"6":{"name":"(anonymous_6)","decl":{"start":{"line":77,"column":9},"end":{"line":77,"column":14}},"loc":{"start":{"line":77,"column":53},"end":{"line":91,"column":3}}}},"branchMap":{"0":{"loc":{"start":{"line":81,"column":6},"end":{"line":87,"column":null}},"type":"if","locations":[{"start":{"line":81,"column":6},"end":{"line":87,"column":null}},{"start":{"line":85,"column":13},"end":{"line":87,"column":null}}]}},"s":{"0":3,"1":3,"2":3,"3":3,"4":3,"5":3,"6":3,"7":3,"8":3,"9":0,"10":0,"11":0,"12":0,"13":0,"14":0,"15":0,"16":0,"17":0,"18":0,"19":0,"20":0,"21":0,"22":0,"23":0,"24":0,"25":0,"26":0,"27":0,"28":0,"29":0,"30":0,"31":0,"32":0,"33":0,"34":0,"35":0,"36":0,"37":0,"38":0,"39":0,"40":0,"41":0,"42":0,"43":0,"44":0,"45":0,"46":0,"47":0,"48":0,"49":0,"50":0,"51":0,"52":3},"f":{"0":0,"1":0,"2":0,"3":0,"4":0,"5":0,"6":0},"b":{"0":[0,0]}}
,"F:\\Code\\Projetos Final de Modulo\\RecadOS_Jest\\src\\app\\features\\note\\repositories\\note.repository.ts": {"path":"F:\\Code\\Projetos Final de Modulo\\RecadOS_Jest\\src\\app\\features\\note\\repositories\\note.repository.ts","statementMap":{"0":{"start":{"line":1,"column":0},"end":{"line":1,"column":32}},"1":{"start":{"line":2,"column":0},"end":{"line":2,"column":82}},"2":{"start":{"line":3,"column":0},"end":{"line":3,"column":50}},"3":{"start":{"line":4,"column":0},"end":{"line":4,"column":67}},"4":{"start":{"line":7,"column":24},"end":{"line":7,"column":79}},"5":{"start":{"line":10,"column":23},"end":{"line":14,"column":6}},"6":{"start":{"line":15,"column":19},"end":{"line":15,"column":58}},"7":{"start":{"line":17,"column":4},"end":{"line":17,"column":18}},"8":{"start":{"line":21,"column":19},"end":{"line":21,"column":77}},"9":{"start":{"line":22,"column":4},"end":{"line":22,"column":18}},"10":{"start":{"line":26,"column":20},"end":{"line":28,"column":6}},"11":{"start":{"line":30,"column":4},"end":{"line":32,"column":null}},"12":{"start":{"line":31,"column":6},"end":{"line":31,"column":23}},"13":{"start":{"line":34,"column":4},"end":{"line":34,"column":39}},"14":{"start":{"line":35,"column":4},"end":{"line":35,"column":51}},"15":{"start":{"line":37,"column":4},"end":{"line":37,"column":48}},"16":{"start":{"line":41,"column":4},"end":{"line":43,"column":7}},"17":{"start":{"line":47,"column":20},"end":{"line":49,"column":6}},"18":{"start":{"line":51,"column":4},"end":{"line":53,"column":null}},"19":{"start":{"line":52,"column":6},"end":{"line":52,"column":23}},"20":{"start":{"line":55,"column":4},"end":{"line":55,"column":32}},"21":{"start":{"line":57,"column":4},"end":{"line":57,"column":41}},"22":{"start":{"line":61,"column":20},"end":{"line":63,"column":6}},"23":{"start":{"line":65,"column":4},"end":{"line":67,"column":null}},"24":{"start":{"line":66,"column":6},"end":{"line":66,"column":23}},"25":{"start":{"line":69,"column":4},"end":{"line":69,"column":33}},"26":{"start":{"line":71,"column":4},"end":{"line":71,"column":41}},"27":{"start":{"line":75,"column":18},"end":{"line":77,"column":18}},"28":{"start":{"line":78,"column":4},"end":{"line":78,"column":50}},"29":{"start":{"line":82,"column":4},"end":{"line":82,"column":80}},"30":{"start":{"line":6,"column":0},"end":{"line":6,"column":13}}},"fnMap":{"0":{"name":"(anonymous_0)","decl":{"start":{"line":9,"column":9},"end":{"line":9,"column":14}},"loc":{"start":{"line":9,"column":36},"end":{"line":18,"column":3}}},"1":{"name":"(anonymous_1)","decl":{"start":{"line":20,"column":9},"end":{"line":20,"column":14}},"loc":{"start":{"line":20,"column":38},"end":{"line":23,"column":3}}},"2":{"name":"(anonymous_2)","decl":{"start":{"line":25,"column":9},"end":{"line":25,"column":14}},"loc":{"start":{"line":25,"column":51},"end":{"line":38,"column":3}}},"3":{"name":"(anonymous_3)","decl":{"start":{"line":40,"column":9},"end":{"line":40,"column":14}},"loc":{"start":{"line":40,"column":40},"end":{"line":44,"column":3}}},"4":{"name":"(anonymous_4)","decl":{"start":{"line":46,"column":9},"end":{"line":46,"column":14}},"loc":{"start":{"line":46,"column":41},"end":{"line":58,"column":3}}},"5":{"name":"(anonymous_5)","decl":{"start":{"line":60,"column":9},"end":{"line":60,"column":14}},"loc":{"start":{"line":60,"column":43},"end":{"line":72,"column":3}}},"6":{"name":"(anonymous_6)","decl":{"start":{"line":74,"column":9},"end":{"line":74,"column":14}},"loc":{"start":{"line":74,"column":55},"end":{"line":79,"column":3}}},"7":{"name":"(anonymous_7)","decl":{"start":{"line":81,"column":10},"end":{"line":81,"column":26}},"loc":{"start":{"line":81,"column":45},"end":{"line":83,"column":3}}}},"branchMap":{"0":{"loc":{"start":{"line":30,"column":4},"end":{"line":32,"column":null}},"type":"if","locations":[{"start":{"line":30,"column":4},"end":{"line":32,"column":null}}]},"1":{"loc":{"start":{"line":51,"column":4},"end":{"line":53,"column":null}},"type":"if","locations":[{"start":{"line":51,"column":4},"end":{"line":53,"column":null}}]},"2":{"loc":{"start":{"line":65,"column":4},"end":{"line":67,"column":null}},"type":"if","locations":[{"start":{"line":65,"column":4},"end":{"line":67,"column":null}}]},"3":{"loc":{"start":{"line":75,"column":18},"end":{"line":77,"column":18}},"type":"cond-expr","locations":[{"start":{"line":76,"column":8},"end":{"line":76,"column":50}},{"start":{"line":77,"column":8},"end":{"line":77,"column":18}}]}},"s":{"0":3,"1":3,"2":3,"3":3,"4":0,"5":0,"6":0,"7":0,"8":0,"9":0,"10":0,"11":0,"12":0,"13":0,"14":0,"15":0,"16":0,"17":0,"18":0,"19":0,"20":0,"21":0,"22":0,"23":0,"24":0,"25":0,"26":0,"27":0,"28":0,"29":0,"30":3},"f":{"0":0,"1":0,"2":0,"3":0,"4":0,"5":0,"6":0,"7":0},"b":{"0":[0],"1":[0],"2":[0],"3":[0,0]}}
,"F:\\Code\\Projetos Final de Modulo\\RecadOS_Jest\\src\\app\\features\\note\\routes\\note.routes.ts": {"path":"F:\\Code\\Projetos Final de Modulo\\RecadOS_Jest\\src\\app\\features\\note\\routes\\note.routes.ts","statementMap":{"0":{"start":{"line":1,"column":0},"end":{"line":1,"column":33}},"1":{"start":{"line":2,"column":0},"end":{"line":2,"column":64}},"2":{"start":{"line":4,"column":19},"end":{"line":4,"column":27}},"3":{"start":{"line":17,"column":9},"end":{"line":17,"column":19}},"4":{"start":{"line":6,"column":0},"end":{"line":6,"column":50}},"5":{"start":{"line":7,"column":0},"end":{"line":7,"column":59}},"6":{"start":{"line":8,"column":0},"end":{"line":8,"column":65}},"7":{"start":{"line":9,"column":0},"end":{"line":9,"column":68}},"8":{"start":{"line":10,"column":0},"end":{"line":10,"column":77}},"9":{"start":{"line":11,"column":0},"end":{"line":14,"column":2}},"10":{"start":{"line":15,"column":0},"end":{"line":15,"column":67}}},"fnMap":{},"branchMap":{},"s":{"0":3,"1":3,"2":3,"3":3,"4":3,"5":3,"6":3,"7":3,"8":3,"9":3,"10":3},"f":{},"b":{}}
,"F:\\Code\\Projetos Final de Modulo\\RecadOS_Jest\\src\\app\\features\\note\\usecases\\archiveNote.usecase.ts": {"path":"F:\\Code\\Projetos Final de Modulo\\RecadOS_Jest\\src\\app\\features\\note\\usecases\\archiveNote.usecase.ts","statementMap":{"0":{"start":{"line":4,"column":22},"end":{"line":4,"column":48}},"1":{"start":{"line":7,"column":19},"end":{"line":7,"column":76}},"2":{"start":{"line":9,"column":4},"end":{"line":9,"column":18}},"3":{"start":{"line":3,"column":0},"end":{"line":3,"column":13}}},"fnMap":{"0":{"name":"(anonymous_0)","decl":{"start":{"line":4,"column":2},"end":{"line":4,"column":22}},"loc":{"start":{"line":4,"column":48},"end":{"line":4,"column":52}}},"1":{"name":"(anonymous_1)","decl":{"start":{"line":6,"column":9},"end":{"line":6,"column":14}},"loc":{"start":{"line":6,"column":32},"end":{"line":10,"column":3}}}},"branchMap":{},"s":{"0":0,"1":0,"2":0,"3":3},"f":{"0":0,"1":0},"b":{}}
,"F:\\Code\\Projetos Final de Modulo\\RecadOS_Jest\\src\\app\\features\\note\\usecases\\createNote.usecase.ts": {"path":"F:\\Code\\Projetos Final de Modulo\\RecadOS_Jest\\src\\app\\features\\note\\usecases\\createNote.usecase.ts","statementMap":{"0":{"start":{"line":1,"column":0},"end":{"line":1,"column":50}},"1":{"start":{"line":2,"column":0},"end":{"line":2,"column":89}},"2":{"start":{"line":6,"column":22},"end":{"line":6,"column":48}},"3":{"start":{"line":9,"column":28},"end":{"line":9,"column":49}},"4":{"start":{"line":11,"column":17},"end":{"line":11,"column":68}},"5":{"start":{"line":13,"column":19},"end":{"line":13,"column":57}},"6":{"start":{"line":15,"column":21},"end":{"line":15,"column":67}},"7":{"start":{"line":17,"column":4},"end":{"line":17,"column":26}},"8":{"start":{"line":19,"column":4},"end":{"line":19,"column":53}},"9":{"start":{"line":21,"column":4},"end":{"line":21,"column":18}},"10":{"start":{"line":5,"column":0},"end":{"line":5,"column":13}}},"fnMap":{"0":{"name":"(anonymous_0)","decl":{"start":{"line":6,"column":2},"end":{"line":6,"column":22}},"loc":{"start":{"line":6,"column":48},"end":{"line":6,"column":52}}},"1":{"name":"(anonymous_1)","decl":{"start":{"line":8,"column":9},"end":{"line":8,"column":14}},"loc":{"start":{"line":8,"column":32},"end":{"line":22,"column":3}}}},"branchMap":{"0":{"loc":{"start":{"line":15,"column":21},"end":{"line":15,"column":67}},"type":"binary-expr","locations":[{"start":{"line":15,"column":22},"end":{"line":15,"column":60}},{"start":{"line":15,"column":65},"end":{"line":15,"column":67}}]}},"s":{"0":3,"1":3,"2":0,"3":0,"4":0,"5":0,"6":0,"7":0,"8":0,"9":0,"10":3},"f":{"0":0,"1":0},"b":{"0":[0,0]}}
,"F:\\Code\\Projetos Final de Modulo\\RecadOS_Jest\\src\\app\\features\\note\\usecases\\deleteNote.usecase.ts": {"path":"F:\\Code\\Projetos Final de Modulo\\RecadOS_Jest\\src\\app\\features\\note\\usecases\\deleteNote.usecase.ts","statementMap":{"0":{"start":{"line":2,"column":0},"end":{"line":2,"column":38}},"1":{"start":{"line":3,"column":0},"end":{"line":3,"column":89}},"2":{"start":{"line":9,"column":22},"end":{"line":9,"column":48}},"3":{"start":{"line":10,"column":4},"end":{"line":10,"column":49}},"4":{"start":{"line":11,"column":4},"end":{"line":11,"column":43}},"5":{"start":{"line":13,"column":4},"end":{"line":21,"column":7}},"6":{"start":{"line":14,"column":23},"end":{"line":14,"column":74}},"7":{"start":{"line":16,"column":30},"end":{"line":17,"column":null}},"8":{"start":{"line":17,"column":23},"end":{"line":17,"column":45}},"9":{"start":{"line":20,"column":6},"end":{"line":20,"column":67}},"10":{"start":{"line":25,"column":19},"end":{"line":25,"column":75}},"11":{"start":{"line":27,"column":4},"end":{"line":27,"column":66}},"12":{"start":{"line":29,"column":4},"end":{"line":29,"column":18}},"13":{"start":{"line":5,"column":0},"end":{"line":5,"column":13}}},"fnMap":{"0":{"name":"(anonymous_0)","decl":{"start":{"line":9,"column":2},"end":{"line":9,"column":22}},"loc":{"start":{"line":9,"column":48},"end":{"line":22,"column":3}}},"1":{"name":"(anonymous_1)","decl":{"start":{"line":13,"column":40},"end":{"line":13,"column":45}},"loc":{"start":{"line":13,"column":65},"end":{"line":21,"column":5}}},"2":{"name":"(anonymous_2)","decl":{"start":{"line":17,"column":8},"end":{"line":17,"column":9}},"loc":{"start":{"line":17,"column":23},"end":{"line":17,"column":45}}},"3":{"name":"(anonymous_3)","decl":{"start":{"line":24,"column":9},"end":{"line":24,"column":14}},"loc":{"start":{"line":24,"column":32},"end":{"line":30,"column":3}}}},"branchMap":{"0":{"loc":{"start":{"line":14,"column":23},"end":{"line":14,"column":74}},"type":"binary-expr","locations":[{"start":{"line":14,"column":24},"end":{"line":14,"column":67}},{"start":{"line":14,"column":72},"end":{"line":14,"column":74}}]}},"s":{"0":3,"1":3,"2":0,"3":0,"4":0,"5":0,"6":0,"7":0,"8":0,"9":0,"10":0,"11":0,"12":0,"13":3},"f":{"0":0,"1":0,"2":0,"3":0},"b":{"0":[0,0]}}
,"F:\\Code\\Projetos Final de Modulo\\RecadOS_Jest\\src\\app\\features\\note\\usecases\\getUserNotes.usecase.ts": {"path":"F:\\Code\\Projetos Final de Modulo\\RecadOS_Jest\\src\\app\\features\\note\\usecases\\getUserNotes.usecase.ts","statementMap":{"0":{"start":{"line":1,"column":0},"end":{"line":1,"column":89}},"1":{"start":{"line":5,"column":22},"end":{"line":5,"column":48}},"2":{"start":{"line":8,"column":28},"end":{"line":8,"column":49}},"3":{"start":{"line":10,"column":4},"end":{"line":10,"column":42}},"4":{"start":{"line":12,"column":19},"end":{"line":12,"column":41}},"5":{"start":{"line":14,"column":19},"end":{"line":14,"column":57}},"6":{"start":{"line":16,"column":21},"end":{"line":16,"column":72}},"7":{"start":{"line":18,"column":4},"end":{"line":18,"column":40}},"8":{"start":{"line":18,"column":22},"end":{"line":18,"column":38}},"9":{"start":{"line":20,"column":4},"end":{"line":20,"column":58}},"10":{"start":{"line":22,"column":4},"end":{"line":22,"column":18}},"11":{"start":{"line":4,"column":0},"end":{"line":4,"column":13}}},"fnMap":{"0":{"name":"(anonymous_0)","decl":{"start":{"line":5,"column":2},"end":{"line":5,"column":22}},"loc":{"start":{"line":5,"column":48},"end":{"line":5,"column":52}}},"1":{"name":"(anonymous_1)","decl":{"start":{"line":7,"column":9},"end":{"line":7,"column":14}},"loc":{"start":{"line":7,"column":32},"end":{"line":23,"column":3}}},"2":{"name":"(anonymous_2)","decl":{"start":{"line":18,"column":15},"end":{"line":18,"column":16}},"loc":{"start":{"line":18,"column":22},"end":{"line":18,"column":38}}}},"branchMap":{"0":{"loc":{"start":{"line":16,"column":21},"end":{"line":16,"column":72}},"type":"binary-expr","locations":[{"start":{"line":16,"column":22},"end":{"line":16,"column":65}},{"start":{"line":16,"column":70},"end":{"line":16,"column":72}}]}},"s":{"0":3,"1":0,"2":0,"3":0,"4":0,"5":0,"6":0,"7":0,"8":0,"9":0,"10":0,"11":3},"f":{"0":0,"1":0,"2":0},"b":{"0":[0,0]}}
,"F:\\Code\\Projetos Final de Modulo\\RecadOS_Jest\\src\\app\\features\\note\\usecases\\searchNote.usecase.ts": {"path":"F:\\Code\\Projetos Final de Modulo\\RecadOS_Jest\\src\\app\\features\\note\\usecases\\searchNote.usecase.ts","statementMap":{"0":{"start":{"line":4,"column":22},"end":{"line":4,"column":48}},"1":{"start":{"line":7,"column":19},"end":{"line":7,"column":47}},"2":{"start":{"line":8,"column":18},"end":{"line":8,"column":44}},"3":{"start":{"line":10,"column":19},"end":{"line":10,"column":66}},"4":{"start":{"line":12,"column":4},"end":{"line":12,"column":18}},"5":{"start":{"line":3,"column":0},"end":{"line":3,"column":13}}},"fnMap":{"0":{"name":"(anonymous_0)","decl":{"start":{"line":4,"column":2},"end":{"line":4,"column":22}},"loc":{"start":{"line":4,"column":48},"end":{"line":4,"column":52}}},"1":{"name":"(anonymous_1)","decl":{"start":{"line":6,"column":9},"end":{"line":6,"column":14}},"loc":{"start":{"line":6,"column":54},"end":{"line":13,"column":3}}}},"branchMap":{},"s":{"0":0,"1":0,"2":0,"3":0,"4":0,"5":3},"f":{"0":0,"1":0},"b":{}}
,"F:\\Code\\Projetos Final de Modulo\\RecadOS_Jest\\src\\app\\features\\note\\usecases\\unarchiveNote.usecase.ts": {"path":"F:\\Code\\Projetos Final de Modulo\\RecadOS_Jest\\src\\app\\features\\note\\usecases\\unarchiveNote.usecase.ts","statementMap":{"0":{"start":{"line":4,"column":22},"end":{"line":4,"column":48}},"1":{"start":{"line":7,"column":19},"end":{"line":7,"column":78}},"2":{"start":{"line":9,"column":4},"end":{"line":9,"column":18}},"3":{"start":{"line":3,"column":0},"end":{"line":3,"column":13}}},"fnMap":{"0":{"name":"(anonymous_0)","decl":{"start":{"line":4,"column":2},"end":{"line":4,"column":22}},"loc":{"start":{"line":4,"column":48},"end":{"line":4,"column":52}}},"1":{"name":"(anonymous_1)","decl":{"start":{"line":6,"column":9},"end":{"line":6,"column":14}},"loc":{"start":{"line":6,"column":32},"end":{"line":10,"column":3}}}},"branchMap":{},"s":{"0":0,"1":0,"2":0,"3":3},"f":{"0":0,"1":0},"b":{}}
,"F:\\Code\\Projetos Final de Modulo\\RecadOS_Jest\\src\\app\\features\\note\\usecases\\updateNote.usecase.ts": {"path":"F:\\Code\\Projetos Final de Modulo\\RecadOS_Jest\\src\\app\\features\\note\\usecases\\updateNote.usecase.ts","statementMap":{"0":{"start":{"line":1,"column":0},"end":{"line":1,"column":38}},"1":{"start":{"line":2,"column":0},"end":{"line":2,"column":89}},"2":{"start":{"line":9,"column":22},"end":{"line":9,"column":48}},"3":{"start":{"line":10,"column":4},"end":{"line":10,"column":49}},"4":{"start":{"line":11,"column":4},"end":{"line":11,"column":43}},"5":{"start":{"line":13,"column":4},"end":{"line":28,"column":7}},"6":{"start":{"line":14,"column":23},"end":{"line":14,"column":74}},"7":{"start":{"line":16,"column":30},"end":{"line":25,"column":8}},"8":{"start":{"line":17,"column":8},"end":{"line":23,"column":null}},"9":{"start":{"line":18,"column":10},"end":{"line":22,"column":12}},"10":{"start":{"line":24,"column":8},"end":{"line":24,"column":17}},"11":{"start":{"line":27,"column":6},"end":{"line":27,"column":67}},"12":{"start":{"line":32,"column":17},"end":{"line":35,"column":6}},"13":{"start":{"line":36,"column":19},"end":{"line":36,"column":47}},"14":{"start":{"line":38,"column":19},"end":{"line":38,"column":65}},"15":{"start":{"line":40,"column":4},"end":{"line":40,"column":63}},"16":{"start":{"line":42,"column":4},"end":{"line":42,"column":18}},"17":{"start":{"line":5,"column":0},"end":{"line":5,"column":13}}},"fnMap":{"0":{"name":"(anonymous_0)","decl":{"start":{"line":9,"column":2},"end":{"line":9,"column":22}},"loc":{"start":{"line":9,"column":48},"end":{"line":29,"column":3}}},"1":{"name":"(anonymous_1)","decl":{"start":{"line":13,"column":40},"end":{"line":13,"column":45}},"loc":{"start":{"line":13,"column":60},"end":{"line":28,"column":5}}},"2":{"name":"(anonymous_2)","decl":{"start":{"line":16,"column":43},"end":{"line":16,"column":44}},"loc":{"start":{"line":16,"column":54},"end":{"line":25,"column":7}}},"3":{"name":"(anonymous_3)","decl":{"start":{"line":31,"column":9},"end":{"line":31,"column":14}},"loc":{"start":{"line":31,"column":53},"end":{"line":43,"column":3}}}},"branchMap":{"0":{"loc":{"start":{"line":14,"column":23},"end":{"line":14,"column":74}},"type":"binary-expr","locations":[{"start":{"line":14,"column":24},"end":{"line":14,"column":67}},{"start":{"line":14,"column":72},"end":{"line":14,"column":74}}]},"1":{"loc":{"start":{"line":17,"column":8},"end":{"line":23,"column":null}},"type":"if","locations":[{"start":{"line":17,"column":8},"end":{"line":23,"column":null}}]}},"s":{"0":3,"1":3,"2":0,"3":0,"4":0,"5":0,"6":0,"7":0,"8":0,"9":0,"10":0,"11":0,"12":0,"13":0,"14":0,"15":0,"16":0,"17":3},"f":{"0":0,"1":0,"2":0,"3":0},"b":{"0":[0,0],"1":[0]}}
,"F:\\Code\\Projetos Final de Modulo\\RecadOS_Jest\\src\\app\\features\\user\\controllers\\user.controller.ts": {"path":"F:\\Code\\Projetos Final de Modulo\\RecadOS_Jest\\src\\app\\features\\user\\controllers\\user.controller.ts","statementMap":{"0":{"start":{"line":1,"column":0},"end":{"line":1,"column":62}},"1":{"start":{"line":3,"column":0},"end":{"line":3,"column":65}},"2":{"start":{"line":4,"column":0},"end":{"line":4,"column":67}},"3":{"start":{"line":5,"column":0},"end":{"line":5,"column":65}},"4":{"start":{"line":9,"column":4},"end":{"line":15,"column":null}},"5":{"start":{"line":10,"column":22},"end":{"line":10,"column":65}},"6":{"start":{"line":11,"column":21},"end":{"line":11,"column":52}},"7":{"start":{"line":12,"column":6},"end":{"line":12,"column":60}},"8":{"start":{"line":14,"column":6},"end":{"line":14,"column":59}},"9":{"start":{"line":19,"column":4},"end":{"line":28,"column":null}},"10":{"start":{"line":20,"column":22},"end":{"line":20,"column":64}},"11":{"start":{"line":21,"column":21},"end":{"line":21,"column":52}},"12":{"start":{"line":22,"column":6},"end":{"line":24,"column":null}},"13":{"start":{"line":23,"column":8},"end":{"line":23,"column":79}},"14":{"start":{"line":25,"column":6},"end":{"line":25,"column":59}},"15":{"start":{"line":27,"column":6},"end":{"line":27,"column":59}},"16":{"start":{"line":7,"column":0},"end":{"line":7,"column":13}}},"fnMap":{"0":{"name":"(anonymous_0)","decl":{"start":{"line":8,"column":9},"end":{"line":8,"column":14}},"loc":{"start":{"line":8,"column":49},"end":{"line":16,"column":3}}},"1":{"name":"(anonymous_1)","decl":{"start":{"line":18,"column":9},"end":{"line":18,"column":14}},"loc":{"start":{"line":18,"column":48},"end":{"line":29,"column":3}}}},"branchMap":{"0":{"loc":{"start":{"line":22,"column":6},"end":{"line":24,"column":null}},"type":"if","locations":[{"start":{"line":22,"column":6},"end":{"line":24,"column":null}}]}},"s":{"0":3,"1":3,"2":3,"3":3,"4":1,"5":1,"6":1,"7":1,"8":0,"9":1,"10":1,"11":1,"12":1,"13":1,"14":0,"15":0,"16":3},"f":{"0":1,"1":1},"b":{"0":[1]}}
,"F:\\Code\\Projetos Final de Modulo\\RecadOS_Jest\\src\\app\\features\\user\\repositories\\user.repository.ts": {"path":"F:\\Code\\Projetos Final de Modulo\\RecadOS_Jest\\src\\app\\features\\user\\repositories\\user.repository.ts","statementMap":{"0":{"start":{"line":1,"column":0},"end":{"line":1,"column":82}},"1":{"start":{"line":2,"column":0},"end":{"line":2,"column":50}},"2":{"start":{"line":3,"column":0},"end":{"line":3,"column":67}},"3":{"start":{"line":6,"column":24},"end":{"line":6,"column":79}},"4":{"start":{"line":9,"column":23},"end":{"line":13,"column":6}},"5":{"start":{"line":14,"column":19},"end":{"line":14,"column":58}},"6":{"start":{"line":16,"column":4},"end":{"line":16,"column":11}},"7":{"start":{"line":23,"column":23},"end":{"line":26,"column":6}},"8":{"start":{"line":28,"column":4},"end":{"line":28,"column":22}},"9":{"start":{"line":32,"column":19},"end":{"line":34,"column":6}},"10":{"start":{"line":36,"column":4},"end":{"line":38,"column":null}},"11":{"start":{"line":37,"column":6},"end":{"line":37,"column":18}},"12":{"start":{"line":40,"column":4},"end":{"line":40,"column":41}},"13":{"start":{"line":43,"column":19},"end":{"line":45,"column":6}},"14":{"start":{"line":47,"column":4},"end":{"line":49,"column":null}},"15":{"start":{"line":48,"column":6},"end":{"line":48,"column":18}},"16":{"start":{"line":51,"column":4},"end":{"line":51,"column":41}},"17":{"start":{"line":55,"column":19},"end":{"line":55,"column":48}},"18":{"start":{"line":57,"column":4},"end":{"line":59,"column":null}},"19":{"start":{"line":58,"column":6},"end":{"line":58,"column":18}},"20":{"start":{"line":61,"column":4},"end":{"line":61,"column":61}},"21":{"start":{"line":61,"column":32},"end":{"line":61,"column":59}},"22":{"start":{"line":65,"column":4},"end":{"line":65,"column":79}},"23":{"start":{"line":5,"column":0},"end":{"line":5,"column":13}}},"fnMap":{"0":{"name":"(anonymous_0)","decl":{"start":{"line":8,"column":9},"end":{"line":8,"column":14}},"loc":{"start":{"line":8,"column":36},"end":{"line":17,"column":3}}},"1":{"name":"(anonymous_1)","decl":{"start":{"line":19,"column":9},"end":{"line":19,"column":14}},"loc":{"start":{"line":21,"column":24},"end":{"line":29,"column":3}}},"2":{"name":"(anonymous_2)","decl":{"start":{"line":31,"column":9},"end":{"line":31,"column":14}},"loc":{"start":{"line":31,"column":45},"end":{"line":41,"column":3}}},"3":{"name":"(anonymous_3)","decl":{"start":{"line":42,"column":9},"end":{"line":42,"column":14}},"loc":{"start":{"line":42,"column":39},"end":{"line":52,"column":3}}},"4":{"name":"(anonymous_4)","decl":{"start":{"line":54,"column":9},"end":{"line":54,"column":14}},"loc":{"start":{"line":54,"column":21},"end":{"line":62,"column":3}}},"5":{"name":"(anonymous_5)","decl":{"start":{"line":61,"column":22},"end":{"line":61,"column":23}},"loc":{"start":{"line":61,"column":32},"end":{"line":61,"column":59}}},"6":{"name":"(anonymous_6)","decl":{"start":{"line":64,"column":10},"end":{"line":64,"column":26}},"loc":{"start":{"line":64,"column":45},"end":{"line":66,"column":3}}}},"branchMap":{"0":{"loc":{"start":{"line":36,"column":4},"end":{"line":38,"column":null}},"type":"if","locations":[{"start":{"line":36,"column":4},"end":{"line":38,"column":null}}]},"1":{"loc":{"start":{"line":47,"column":4},"end":{"line":49,"column":null}},"type":"if","locations":[{"start":{"line":47,"column":4},"end":{"line":49,"column":null}}]},"2":{"loc":{"start":{"line":57,"column":4},"end":{"line":59,"column":null}},"type":"if","locations":[{"start":{"line":57,"column":4},"end":{"line":59,"column":null}}]}},"s":{"0":4,"1":4,"2":4,"3":7,"4":1,"5":1,"6":1,"7":1,"8":1,"9":0,"10":0,"11":0,"12":0,"13":2,"14":2,"15":2,"16":0,"17":0,"18":0,"19":0,"20":0,"21":0,"22":0,"23":4},"f":{"0":1,"1":1,"2":0,"3":2,"4":0,"5":0,"6":0},"b":{"0":[0],"1":[2],"2":[0]}}
,"F:\\Code\\Projetos Final de Modulo\\RecadOS_Jest\\src\\app\\features\\user\\routes\\user.routes.ts": {"path":"F:\\Code\\Projetos Final de Modulo\\RecadOS_Jest\\src\\app\\features\\user\\routes\\user.routes.ts","statementMap":{"0":{"start":{"line":1,"column":0},"end":{"line":1,"column":33}},"1":{"start":{"line":2,"column":0},"end":{"line":2,"column":64}},"2":{"start":{"line":3,"column":0},"end":{"line":3,"column":89}},"3":{"start":{"line":4,"column":0},"end":{"line":4,"column":81}},"4":{"start":{"line":5,"column":0},"end":{"line":5,"column":73}},"5":{"start":{"line":6,"column":0},"end":{"line":6,"column":71}},"6":{"start":{"line":8,"column":19},"end":{"line":8,"column":27}},"7":{"start":{"line":17,"column":9},"end":{"line":17,"column":19}},"8":{"start":{"line":10,"column":0},"end":{"line":14,"column":2}},"9":{"start":{"line":15,"column":0},"end":{"line":15,"column":76}}},"fnMap":{},"branchMap":{},"s":{"0":3,"1":3,"2":3,"3":3,"4":3,"5":3,"6":3,"7":3,"8":3,"9":3},"f":{},"b":{}}
,"F:\\Code\\Projetos Final de Modulo\\RecadOS_Jest\\src\\app\\features\\user\\usecases\\createUser.usecase.ts": {"path":"F:\\Code\\Projetos Final de Modulo\\RecadOS_Jest\\src\\app\\features\\user\\usecases\\createUser.usecase.ts","statementMap":{"0":{"start":{"line":1,"column":0},"end":{"line":1,"column":50}},"1":{"start":{"line":5,"column":22},"end":{"line":5,"column":48}},"2":{"start":{"line":8,"column":17},"end":{"line":8,"column":67}},"3":{"start":{"line":10,"column":19},"end":{"line":10,"column":57}},"4":{"start":{"line":12,"column":4},"end":{"line":12,"column":18}},"5":{"start":{"line":4,"column":0},"end":{"line":4,"column":13}}},"fnMap":{"0":{"name":"(anonymous_0)","decl":{"start":{"line":5,"column":2},"end":{"line":5,"column":22}},"loc":{"start":{"line":5,"column":48},"end":{"line":5,"column":52}}},"1":{"name":"(anonymous_1)","decl":{"start":{"line":7,"column":9},"end":{"line":7,"column":14}},"loc":{"start":{"line":7,"column":32},"end":{"line":13,"column":3}}}},"branchMap":{},"s":{"0":4,"1":2,"2":2,"3":2,"4":2,"5":4},"f":{"0":2,"1":2},"b":{}}
,"F:\\Code\\Projetos Final de Modulo\\RecadOS_Jest\\src\\app\\features\\user\\usecases\\findUserByEmail.usecase.ts": {"path":"F:\\Code\\Projetos Final de Modulo\\RecadOS_Jest\\src\\app\\features\\user\\usecases\\findUserByEmail.usecase.ts","statementMap":{"0":{"start":{"line":4,"column":22},"end":{"line":4,"column":48}},"1":{"start":{"line":7,"column":19},"end":{"line":7,"column":58}},"2":{"start":{"line":9,"column":4},"end":{"line":11,"column":null}},"3":{"start":{"line":10,"column":6},"end":{"line":10,"column":18}},"4":{"start":{"line":12,"column":4},"end":{"line":12,"column":27}},"5":{"start":{"line":3,"column":0},"end":{"line":3,"column":13}}},"fnMap":{"0":{"name":"(anonymous_0)","decl":{"start":{"line":4,"column":2},"end":{"line":4,"column":22}},"loc":{"start":{"line":4,"column":48},"end":{"line":4,"column":52}}},"1":{"name":"(anonymous_1)","decl":{"start":{"line":6,"column":9},"end":{"line":6,"column":14}},"loc":{"start":{"line":6,"column":36},"end":{"line":13,"column":3}}}},"branchMap":{"0":{"loc":{"start":{"line":9,"column":4},"end":{"line":11,"column":null}},"type":"if","locations":[{"start":{"line":9,"column":4},"end":{"line":11,"column":null}}]}},"s":{"0":4,"1":2,"2":2,"3":2,"4":0,"5":3},"f":{"0":4,"1":2},"b":{"0":[2]}}
,"F:\\Code\\Projetos Final de Modulo\\RecadOS_Jest\\src\\app\\features\\user\\usecases\\loginUser.usecase.ts": {"path":"F:\\Code\\Projetos Final de Modulo\\RecadOS_Jest\\src\\app\\features\\user\\usecases\\loginUser.usecase.ts","statementMap":{"0":{"start":{"line":5,"column":22},"end":{"line":5,"column":48}},"1":{"start":{"line":8,"column":19},"end":{"line":8,"column":77}},"2":{"start":{"line":10,"column":4},"end":{"line":10,"column":18}},"3":{"start":{"line":4,"column":0},"end":{"line":4,"column":13}}},"fnMap":{"0":{"name":"(anonymous_0)","decl":{"start":{"line":5,"column":2},"end":{"line":5,"column":22}},"loc":{"start":{"line":5,"column":48},"end":{"line":5,"column":52}}},"1":{"name":"(anonymous_1)","decl":{"start":{"line":7,"column":9},"end":{"line":7,"column":14}},"loc":{"start":{"line":7,"column":32},"end":{"line":11,"column":3}}}},"branchMap":{},"s":{"0":1,"1":1,"2":1,"3":3},"f":{"0":1,"1":1},"b":{}}
,"F:\\Code\\Projetos Final de Modulo\\RecadOS_Jest\\src\\app\\features\\user\\validators\\checkDuplicateUser.validator.ts": {"path":"F:\\Code\\Projetos Final de Modulo\\RecadOS_Jest\\src\\app\\features\\user\\validators\\checkDuplicateUser.validator.ts","statementMap":{"0":{"start":{"line":2,"column":0},"end":{"line":2,"column":62}},"1":{"start":{"line":3,"column":0},"end":{"line":3,"column":65}},"2":{"start":{"line":4,"column":0},"end":{"line":4,"column":70}},"3":{"start":{"line":6,"column":43},"end":{"line":22,"column":1}},"4":{"start":{"line":11,"column":2},"end":{"line":21,"column":null}},"5":{"start":{"line":12,"column":22},"end":{"line":12,"column":30}},"6":{"start":{"line":13,"column":20},"end":{"line":13,"column":61}},"7":{"start":{"line":14,"column":19},"end":{"line":14,"column":47}},"8":{"start":{"line":15,"column":4},"end":{"line":17,"column":null}},"9":{"start":{"line":16,"column":6},"end":{"line":16,"column":20}},"10":{"start":{"line":18,"column":4},"end":{"line":18,"column":74}},"11":{"start":{"line":20,"column":4},"end":{"line":20,"column":57}},"12":{"start":{"line":6,"column":13},"end":{"line":6,"column":43}}},"fnMap":{"0":{"name":"(anonymous_0)","decl":{"start":{"line":6,"column":43},"end":{"line":6,"column":48}},"loc":{"start":{"line":10,"column":4},"end":{"line":22,"column":1}}}},"branchMap":{"0":{"loc":{"start":{"line":15,"column":4},"end":{"line":17,"column":null}},"type":"if","locations":[{"start":{"line":15,"column":4},"end":{"line":17,"column":null}}]}},"s":{"0":3,"1":3,"2":3,"3":3,"4":4,"5":4,"6":4,"7":4,"8":3,"9":2,"10":1,"11":1,"12":3},"f":{"0":4},"b":{"0":[2]}}
,"F:\\Code\\Projetos Final de Modulo\\RecadOS_Jest\\src\\app\\features\\user\\validators\\checkPasswords.validator.ts": {"path":"F:\\Code\\Projetos Final de Modulo\\RecadOS_Jest\\src\\app\\features\\user\\validators\\checkPasswords.validator.ts","statementMap":{"0":{"start":{"line":2,"column":0},"end":{"line":2,"column":62}},"1":{"start":{"line":4,"column":39},"end":{"line":19,"column":1}},"2":{"start":{"line":9,"column":2},"end":{"line":18,"column":null}},"3":{"start":{"line":10,"column":36},"end":{"line":10,"column":44}},"4":{"start":{"line":12,"column":4},"end":{"line":13,"column":70}},"5":{"start":{"line":13,"column":6},"end":{"line":13,"column":70}},"6":{"start":{"line":15,"column":4},"end":{"line":15,"column":18}},"7":{"start":{"line":17,"column":4},"end":{"line":17,"column":57}},"8":{"start":{"line":4,"column":13},"end":{"line":4,"column":39}}},"fnMap":{"0":{"name":"(anonymous_0)","decl":{"start":{"line":4,"column":39},"end":{"line":4,"column":null}},"loc":{"start":{"line":8,"column":4},"end":{"line":19,"column":1}}}},"branchMap":{"0":{"loc":{"start":{"line":12,"column":4},"end":{"line":13,"column":70}},"type":"if","locations":[{"start":{"line":12,"column":4},"end":{"line":13,"column":70}}]}},"s":{"0":3,"1":3,"2":4,"3":4,"4":4,"5":1,"6":3,"7":1,"8":3},"f":{"0":4},"b":{"0":[1]}}
,"F:\\Code\\Projetos Final de Modulo\\RecadOS_Jest\\src\\app\\features\\user\\validators\\createUser.validator.ts": {"path":"F:\\Code\\Projetos Final de Modulo\\RecadOS_Jest\\src\\app\\features\\user\\validators\\createUser.validator.ts","statementMap":{"0":{"start":{"line":2,"column":0},"end":{"line":2,"column":62}},"1":{"start":{"line":4,"column":35},"end":{"line":22,"column":1}},"2":{"start":{"line":9,"column":2},"end":{"line":21,"column":null}},"3":{"start":{"line":10,"column":42},"end":{"line":10,"column":50}},"4":{"start":{"line":12,"column":4},"end":{"line":13,"column":70}},"5":{"start":{"line":13,"column":6},"end":{"line":13,"column":70}},"6":{"start":{"line":14,"column":4},"end":{"line":14,"column":77}},"7":{"start":{"line":14,"column":16},"end":{"line":14,"column":77}},"8":{"start":{"line":15,"column":4},"end":{"line":16,"column":70}},"9":{"start":{"line":16,"column":6},"end":{"line":16,"column":70}},"10":{"start":{"line":18,"column":4},"end":{"line":18,"column":18}},"11":{"start":{"line":20,"column":4},"end":{"line":20,"column":57}},"12":{"start":{"line":4,"column":13},"end":{"line":4,"column":35}}},"fnMap":{"0":{"name":"(anonymous_0)","decl":{"start":{"line":4,"column":35},"end":{"line":4,"column":null}},"loc":{"start":{"line":8,"column":4},"end":{"line":22,"column":1}}}},"branchMap":{"0":{"loc":{"start":{"line":12,"column":4},"end":{"line":13,"column":70}},"type":"if","locations":[{"start":{"line":12,"column":4},"end":{"line":13,"column":70}}]},"1":{"loc":{"start":{"line":14,"column":4},"end":{"line":14,"column":77}},"type":"if","locations":[{"start":{"line":14,"column":4},"end":{"line":14,"column":77}}]},"2":{"loc":{"start":{"line":15,"column":4},"end":{"line":16,"column":70}},"type":"if","locations":[{"start":{"line":15,"column":4},"end":{"line":16,"column":70}}]}},"s":{"0":3,"1":3,"2":8,"3":8,"4":8,"5":1,"6":7,"7":1,"8":6,"9":1,"10":5,"11":1,"12":3},"f":{"0":8},"b":{"0":[1],"1":[1],"2":[1]}}
,"F:\\Code\\Projetos Final de Modulo\\RecadOS_Jest\\src\\app\\features\\user\\validators\\loginUser.validator.ts": {"path":"F:\\Code\\Projetos Final de Modulo\\RecadOS_Jest\\src\\app\\features\\user\\validators\\loginUser.validator.ts","statementMap":{"0":{"start":{"line":2,"column":0},"end":{"line":2,"column":62}},"1":{"start":{"line":4,"column":34},"end":{"line":20,"column":1}},"2":{"start":{"line":9,"column":2},"end":{"line":19,"column":null}},"3":{"start":{"line":10,"column":32},"end":{"line":10,"column":40}},"4":{"start":{"line":12,"column":4},"end":{"line":12,"column":77}},"5":{"start":{"line":12,"column":16},"end":{"line":12,"column":77}},"6":{"start":{"line":13,"column":4},"end":{"line":14,"column":70}},"7":{"start":{"line":14,"column":6},"end":{"line":14,"column":70}},"8":{"start":{"line":16,"column":4},"end":{"line":16,"column":18}},"9":{"start":{"line":18,"column":4},"end":{"line":18,"column":57}},"10":{"start":{"line":4,"column":13},"end":{"line":4,"column":34}}},"fnMap":{"0":{"name":"(anonymous_0)","decl":{"start":{"line":4,"column":34},"end":{"line":4,"column":null}},"loc":{"start":{"line":8,"column":4},"end":{"line":20,"column":1}}}},"branchMap":{"0":{"loc":{"start":{"line":12,"column":4},"end":{"line":12,"column":77}},"type":"if","locations":[{"start":{"line":12,"column":4},"end":{"line":12,"column":77}}]},"1":{"loc":{"start":{"line":13,"column":4},"end":{"line":14,"column":70}},"type":"if","locations":[{"start":{"line":13,"column":4},"end":{"line":14,"column":70}}]}},"s":{"0":3,"1":3,"2":5,"3":5,"4":5,"5":1,"6":4,"7":1,"8":3,"9":1,"10":3},"f":{"0":5},"b":{"0":[1],"1":[1]}}
,"F:\\Code\\Projetos Final de Modulo\\RecadOS_Jest\\src\\app\\models\\note.model.ts": {"path":"F:\\Code\\Projetos Final de Modulo\\RecadOS_Jest\\src\\app\\models\\note.model.ts","statementMap":{"0":{"start":{"line":5,"column":12},"end":{"line":5,"column":26}},"1":{"start":{"line":6,"column":12},"end":{"line":6,"column":32}},"2":{"start":{"line":7,"column":12},"end":{"line":7,"column":27}},"3":{"start":{"line":11,"column":4},"end":{"line":11,"column":29}},"4":{"start":{"line":15,"column":4},"end":{"line":15,"column":23}},"5":{"start":{"line":18,"column":4},"end":{"line":18,"column":24}},"6":{"start":{"line":22,"column":17},"end":{"line":22,"column":53}},"7":{"start":{"line":24,"column":4},"end":{"line":24,"column":16}},"8":{"start":{"line":28,"column":4},"end":{"line":32,"column":6}},"9":{"start":{"line":3,"column":0},"end":{"line":3,"column":13}}},"fnMap":{"0":{"name":"(anonymous_0)","decl":{"start":{"line":4,"column":2},"end":{"line":4,"column":null}},"loc":{"start":{"line":7,"column":27},"end":{"line":8,"column":6}}},"1":{"name":"(anonymous_1)","decl":{"start":{"line":10,"column":2},"end":{"line":10,"column":13}},"loc":{"start":{"line":10,"column":24},"end":{"line":12,"column":3}}},"2":{"name":"(anonymous_2)","decl":{"start":{"line":14,"column":2},"end":{"line":14,"column":13}},"loc":{"start":{"line":14,"column":18},"end":{"line":16,"column":3}}},"3":{"name":"(anonymous_3)","decl":{"start":{"line":17,"column":2},"end":{"line":17,"column":13}},"loc":{"start":{"line":17,"column":19},"end":{"line":19,"column":3}}},"4":{"name":"(anonymous_4)","decl":{"start":{"line":21,"column":9},"end":{"line":21,"column":15}},"loc":{"start":{"line":21,"column":73},"end":{"line":25,"column":3}}},"5":{"name":"(anonymous_5)","decl":{"start":{"line":27,"column":9},"end":{"line":27,"column":15}},"loc":{"start":{"line":27,"column":15},"end":{"line":33,"column":3}}}},"branchMap":{},"s":{"0":0,"1":0,"2":0,"3":0,"4":0,"5":0,"6":0,"7":0,"8":0,"9":3},"f":{"0":0,"1":0,"2":0,"3":0,"4":0,"5":0},"b":{}}
,"F:\\Code\\Projetos Final de Modulo\\RecadOS_Jest\\src\\app\\models\\user.model.ts": {"path":"F:\\Code\\Projetos Final de Modulo\\RecadOS_Jest\\src\\app\\models\\user.model.ts","statementMap":{"0":{"start":{"line":1,"column":0},"end":{"line":1,"column":26}},"1":{"start":{"line":5,"column":12},"end":{"line":5,"column":29}},"2":{"start":{"line":6,"column":12},"end":{"line":6,"column":29}},"3":{"start":{"line":7,"column":12},"end":{"line":7,"column":26}},"4":{"start":{"line":8,"column":12},"end":{"line":8,"column":24}},"5":{"start":{"line":10,"column":4},"end":{"line":10,"column":20}},"6":{"start":{"line":14,"column":4},"end":{"line":14,"column":20}},"7":{"start":{"line":17,"column":4},"end":{"line":17,"column":26}},"8":{"start":{"line":21,"column":4},"end":{"line":21,"column":26}},"9":{"start":{"line":24,"column":4},"end":{"line":24,"column":23}},"10":{"start":{"line":28,"column":17},"end":{"line":28,"column":52}},"11":{"start":{"line":30,"column":4},"end":{"line":30,"column":16}},"12":{"start":{"line":34,"column":4},"end":{"line":38,"column":6}},"13":{"start":{"line":3,"column":0},"end":{"line":3,"column":13}}},"fnMap":{"0":{"name":"(anonymous_0)","decl":{"start":{"line":4,"column":2},"end":{"line":4,"column":null}},"loc":{"start":{"line":8,"column":24},"end":{"line":11,"column":3}}},"1":{"name":"(anonymous_1)","decl":{"start":{"line":13,"column":2},"end":{"line":13,"column":13}},"loc":{"start":{"line":13,"column":15},"end":{"line":15,"column":3}}},"2":{"name":"(anonymous_2)","decl":{"start":{"line":16,"column":2},"end":{"line":16,"column":13}},"loc":{"start":{"line":16,"column":21},"end":{"line":18,"column":3}}},"3":{"name":"(anonymous_3)","decl":{"start":{"line":20,"column":2},"end":{"line":20,"column":13}},"loc":{"start":{"line":20,"column":21},"end":{"line":22,"column":3}}},"4":{"name":"(anonymous_4)","decl":{"start":{"line":23,"column":2},"end":{"line":23,"column":13}},"loc":{"start":{"line":23,"column":18},"end":{"line":25,"column":3}}},"5":{"name":"(anonymous_5)","decl":{"start":{"line":27,"column":9},"end":{"line":27,"column":15}},"loc":{"start":{"line":27,"column":72},"end":{"line":31,"column":3}}},"6":{"name":"(anonymous_6)","decl":{"start":{"line":33,"column":9},"end":{"line":33,"column":15}},"loc":{"start":{"line":33,"column":15},"end":{"line":39,"column":3}}}},"branchMap":{},"s":{"0":4,"1":4,"2":4,"3":4,"4":4,"5":4,"6":0,"7":2,"8":2,"9":2,"10":0,"11":0,"12":0,"13":4},"f":{"0":4,"1":0,"2":2,"3":2,"4":2,"5":0,"6":0},"b":{}}
,"F:\\Code\\Projetos Final de Modulo\\RecadOS_Jest\\src\\app\\shared\\database\\repositories\\cache.repository.ts": {"path":"F:\\Code\\Projetos Final de Modulo\\RecadOS_Jest\\src\\app\\shared\\database\\repositories\\cache.repository.ts","statementMap":{"0":{"start":{"line":1,"column":0},"end":{"line":1,"column":77}},"1":{"start":{"line":4,"column":18},"end":{"line":4,"column":44}},"2":{"start":{"line":7,"column":19},"end":{"line":7,"column":44}},"3":{"start":{"line":9,"column":4},"end":{"line":9,"column":29}},"4":{"start":{"line":9,"column":17},"end":{"line":9,"column":29}},"5":{"start":{"line":11,"column":4},"end":{"line":11,"column":30}},"6":{"start":{"line":15,"column":4},"end":{"line":15,"column":53}},"7":{"start":{"line":19,"column":4},"end":{"line":19,"column":64}},"8":{"start":{"line":23,"column":4},"end":{"line":23,"column":30}},"9":{"start":{"line":3,"column":0},"end":{"line":3,"column":13}}},"fnMap":{"0":{"name":"(anonymous_0)","decl":{"start":{"line":6,"column":9},"end":{"line":6,"column":14}},"loc":{"start":{"line":6,"column":30},"end":{"line":12,"column":3}}},"1":{"name":"(anonymous_1)","decl":{"start":{"line":14,"column":9},"end":{"line":14,"column":14}},"loc":{"start":{"line":14,"column":42},"end":{"line":16,"column":3}}},"2":{"name":"(anonymous_2)","decl":{"start":{"line":18,"column":9},"end":{"line":18,"column":14}},"loc":{"start":{"line":18,"column":57},"end":{"line":20,"column":3}}},"3":{"name":"(anonymous_3)","decl":{"start":{"line":22,"column":9},"end":{"line":22,"column":14}},"loc":{"start":{"line":22,"column":30},"end":{"line":24,"column":3}}}},"branchMap":{"0":{"loc":{"start":{"line":9,"column":4},"end":{"line":9,"column":29}},"type":"if","locations":[{"start":{"line":9,"column":4},"end":{"line":9,"column":29}}]}},"s":{"0":3,"1":0,"2":0,"3":0,"4":0,"5":0,"6":0,"7":0,"8":0,"9":3},"f":{"0":0,"1":0,"2":0,"3":0},"b":{"0":[0]}}
,"F:\\Code\\Projetos Final de Modulo\\RecadOS_Jest\\src\\app\\shared\\entities\\notes.entity.ts": {"path":"F:\\Code\\Projetos Final de Modulo\\RecadOS_Jest\\src\\app\\shared\\entities\\notes.entity.ts","statementMap":{"0":{"start":{"line":1,"column":0},"end":{"line":1,"column":null}},"1":{"start":{"line":13,"column":0},"end":{"line":13,"column":44}},"2":{"start":{"line":16,"column":7},"end":{"line":50,"column":null}},"3":{"start":{"line":41,"column":4},"end":{"line":41,"column":30}},"4":{"start":{"line":42,"column":4},"end":{"line":42,"column":50}},"5":{"start":{"line":43,"column":4},"end":{"line":43,"column":36}},"6":{"start":{"line":48,"column":4},"end":{"line":48,"column":36}},"7":{"start":{"line":17,"column":2},"end":{"line":18,"column":null}},"8":{"start":{"line":20,"column":2},"end":{"line":21,"column":null}},"9":{"start":{"line":23,"column":2},"end":{"line":24,"column":null}},"10":{"start":{"line":26,"column":2},"end":{"line":27,"column":null}},"11":{"start":{"line":29,"column":2},"end":{"line":31,"column":null}},"12":{"start":{"line":29,"column":19},"end":{"line":29,"column":29}},"13":{"start":{"line":33,"column":2},"end":{"line":34,"column":null}},"14":{"start":{"line":36,"column":2},"end":{"line":37,"column":null}},"15":{"start":{"line":39,"column":2},"end":{"line":44,"column":null}},"16":{"start":{"line":46,"column":2},"end":{"line":49,"column":null}},"17":{"start":{"line":16,"column":13},"end":{"line":50,"column":null}},"18":{"start":{"line":16,"column":13},"end":{"line":16,"column":23}}},"fnMap":{"0":{"name":"(anonymous_2)","decl":{"start":{"line":40,"column":2},"end":{"line":40,"column":14}},"loc":{"start":{"line":40,"column":14},"end":{"line":44,"column":3}}},"1":{"name":"(anonymous_3)","decl":{"start":{"line":47,"column":2},"end":{"line":47,"column":14}},"loc":{"start":{"line":47,"column":14},"end":{"line":49,"column":3}}},"2":{"name":"(anonymous_4)","decl":{"start":{"line":29,"column":13},"end":{"line":29,"column":16}},"loc":{"start":{"line":29,"column":19},"end":{"line":29,"column":29}}}},"branchMap":{},"s":{"0":4,"1":4,"2":4,"3":0,"4":0,"5":0,"6":0,"7":4,"8":4,"9":4,"10":4,"11":4,"12":4,"13":4,"14":4,"15":4,"16":4,"17":4,"18":4},"f":{"0":0,"1":0,"2":4},"b":{}}
,"F:\\Code\\Projetos Final de Modulo\\RecadOS_Jest\\src\\app\\shared\\entities\\users.entity.ts": {"path":"F:\\Code\\Projetos Final de Modulo\\RecadOS_Jest\\src\\app\\shared\\entities\\users.entity.ts","statementMap":{"0":{"start":{"line":1,"column":0},"end":{"line":1,"column":null}},"1":{"start":{"line":13,"column":7},"end":{"line":43,"column":null}},"2":{"start":{"line":34,"column":4},"end":{"line":34,"column":50}},"3":{"start":{"line":35,"column":4},"end":{"line":35,"column":36}},"4":{"start":{"line":36,"column":4},"end":{"line":36,"column":36}},"5":{"start":{"line":41,"column":4},"end":{"line":41,"column":36}},"6":{"start":{"line":14,"column":2},"end":{"line":15,"column":null}},"7":{"start":{"line":17,"column":2},"end":{"line":18,"column":null}},"8":{"start":{"line":20,"column":2},"end":{"line":21,"column":null}},"9":{"start":{"line":23,"column":2},"end":{"line":24,"column":null}},"10":{"start":{"line":26,"column":2},"end":{"line":27,"column":null}},"11":{"start":{"line":29,"column":2},"end":{"line":30,"column":null}},"12":{"start":{"line":32,"column":2},"end":{"line":37,"column":null}},"13":{"start":{"line":39,"column":2},"end":{"line":42,"column":null}},"14":{"start":{"line":13,"column":13},"end":{"line":43,"column":null}},"15":{"start":{"line":13,"column":13},"end":{"line":13,"column":23}}},"fnMap":{"0":{"name":"(anonymous_2)","decl":{"start":{"line":33,"column":2},"end":{"line":33,"column":14}},"loc":{"start":{"line":33,"column":14},"end":{"line":37,"column":3}}},"1":{"name":"(anonymous_3)","decl":{"start":{"line":40,"column":2},"end":{"line":40,"column":14}},"loc":{"start":{"line":40,"column":14},"end":{"line":42,"column":3}}}},"branchMap":{},"s":{"0":4,"1":4,"2":1,"3":1,"4":1,"5":0,"6":4,"7":4,"8":4,"9":4,"10":4,"11":4,"12":4,"13":4,"14":4,"15":4},"f":{"0":1,"1":0},"b":{}}
,"F:\\Code\\Projetos Final de Modulo\\RecadOS_Jest\\src\\app\\shared\\util\\http.helper.ts": {"path":"F:\\Code\\Projetos Final de Modulo\\RecadOS_Jest\\src\\app\\shared\\util\\http.helper.ts","statementMap":{"0":{"start":{"line":11,"column":4},"end":{"line":16,"column":7}},"1":{"start":{"line":20,"column":4},"end":{"line":23,"column":7}},"2":{"start":{"line":27,"column":4},"end":{"line":30,"column":7}},"3":{"start":{"line":34,"column":4},"end":{"line":37,"column":7}},"4":{"start":{"line":3,"column":0},"end":{"line":3,"column":13}}},"fnMap":{"0":{"name":"(anonymous_0)","decl":{"start":{"line":4,"column":9},"end":{"line":4,"column":15}},"loc":{"start":{"line":9,"column":19},"end":{"line":17,"column":3}}},"1":{"name":"(anonymous_1)","decl":{"start":{"line":19,"column":9},"end":{"line":19,"column":15}},"loc":{"start":{"line":19,"column":74},"end":{"line":24,"column":3}}},"2":{"name":"(anonymous_2)","decl":{"start":{"line":26,"column":9},"end":{"line":26,"column":15}},"loc":{"start":{"line":26,"column":73},"end":{"line":31,"column":3}}},"3":{"name":"(anonymous_3)","decl":{"start":{"line":33,"column":9},"end":{"line":33,"column":15}},"loc":{"start":{"line":33,"column":75},"end":{"line":38,"column":3}}}},"branchMap":{"0":{"loc":{"start":{"line":11,"column":22},"end":{"line":11,"column":33}},"type":"binary-expr","locations":[{"start":{"line":11,"column":22},"end":{"line":11,"column":26}},{"start":{"line":11,"column":30},"end":{"line":11,"column":33}}]},"1":{"loc":{"start":{"line":13,"column":13},"end":{"line":13,"column":27}},"type":"binary-expr","locations":[{"start":{"line":13,"column":13},"end":{"line":13,"column":18}},{"start":{"line":13,"column":22},"end":{"line":13,"column":27}}]},"2":{"loc":{"start":{"line":20,"column":22},"end":{"line":20,"column":33}},"type":"binary-expr","locations":[{"start":{"line":20,"column":22},"end":{"line":20,"column":26}},{"start":{"line":20,"column":30},"end":{"line":20,"column":33}}]},"3":{"loc":{"start":{"line":27,"column":22},"end":{"line":27,"column":33}},"type":"binary-expr","locations":[{"start":{"line":27,"column":22},"end":{"line":27,"column":26}},{"start":{"line":27,"column":30},"end":{"line":27,"column":33}}]},"4":{"loc":{"start":{"line":34,"column":22},"end":{"line":34,"column":33}},"type":"binary-expr","locations":[{"start":{"line":34,"column":22},"end":{"line":34,"column":26}},{"start":{"line":34,"column":30},"end":{"line":34,"column":33}}]}},"s":{"0":1,"1":4,"2":8,"3":0,"4":3},"f":{"0":1,"1":4,"2":8,"3":0},"b":{"0":[1,1],"1":[1,1],"2":[4,4],"3":[8,0],"4":[0,0]}}
}
